<?xml version="1.0" encoding="UTF-8"?>
<TestRun id="a0e38112-3d0b-4c6d-afed-93dd043c499f" name="estevens@JMWARD-PC 2015-06-08 23:35:44" runUser="CONSULT-CTS\estevens" xmlns="http://microsoft.com/schemas/VisualStudio/TeamTest/2010">
  <TestSettings name="Local" id="562d6ba7-6e66-43bf-bec5-262a1ff7477e">
    <Description>These are default test settings for a local test run.</Description>
    <Deployment userDeploymentRoot="c:\users\estevens\documents\visual studio 2010\Projects\SeleniumDemo\TestResults" useDefaultDeploymentRoot="false" enabled="false" runDeploymentRoot="estevens_JMWARD-PC 2015-06-08 23_35_44">
      <DeploymentItem filename="c:\users\estevens\Downloads\selenium-dotnet-2.46.0\net40\WebDriver.dll" />
      <DeploymentItem filename="c:\users\estevens\Downloads\selenium-dotnet-2.46.0\net40\WebDriver.Support.dll" />
      <DeploymentItem filename="c:\users\estevens\Downloads\selenium-dotnet-2.46.0\net40\Selenium.WebDriverBackedSelenium.dll" />
      <DeploymentItem filename="c:\users\estevens\Downloads\selenium-dotnet-2.46.0\net40\ThoughtWorks.Selenium.Core.dll" />
    </Deployment>
    <Execution>
      <TestTypeSpecific />
      <AgentRule name="Execution Agents">
      </AgentRule>
    </Execution>
  </TestSettings>
  <Times creation="2015-06-08T23:35:44.3550546-05:00" queuing="2015-06-08T23:35:44.4050379-05:00" start="2015-06-08T23:35:44.4160392-05:00" finish="2015-06-08T23:35:44.6890537-05:00" />
  <ResultSummary outcome="Failed">
    <Counters total="1" executed="1" error="0" failed="1" timeout="0" aborted="0" inconclusive="0" passedButRunAborted="0" notRunnable="0" notExecuted="0" disconnected="0" warning="0" passed="0" completed="0" inProgress="0" pending="0" />
  </ResultSummary>
  <TestDefinitions>
    <UnitTest name="TestMethod1" storage="c:\users\estevens\documents\visual studio 2010\projects\seleniumdemo\seleniumdemo\bin\debug\seleniumdemo.dll" id="a6018bb9-9486-01d3-e288-44783e58f996">
      <Execution id="b4d8aa71-710d-42ea-989d-b91147a5b01d" />
      <TestMethod codeBase="c:/users/estevens/documents/visual studio 2010/Projects/SeleniumDemo/SeleniumDemo/bin/Debug/SeleniumDemo.DLL" adapterTypeName="Microsoft.VisualStudio.TestTools.TestTypes.Unit.UnitTestAdapter, Microsoft.VisualStudio.QualityTools.Tips.UnitTest.Adapter, Version=10.0.0.0, Culture=neutral, PublicKeyToken=b03f5f7f11d50a3a" className="SeleniumDemo.UnitTest1, SeleniumDemo, Version=1.0.0.0, Culture=neutral, PublicKeyToken=null" name="TestMethod1" />
    </UnitTest>
  </TestDefinitions>
  <TestLists>
    <TestList name="Results Not in a List" id="8c84fa94-04c1-424b-9868-57a2d4851a1d" />
    <TestList name="All Loaded Results" id="19431567-8539-422a-85d7-44ee4e166bda" />
  </TestLists>
  <TestEntries>
    <TestEntry testId="a6018bb9-9486-01d3-e288-44783e58f996" executionId="b4d8aa71-710d-42ea-989d-b91147a5b01d" testListId="8c84fa94-04c1-424b-9868-57a2d4851a1d" />
  </TestEntries>
  <Results>
    <UnitTestResult executionId="b4d8aa71-710d-42ea-989d-b91147a5b01d" testId="a6018bb9-9486-01d3-e288-44783e58f996" testName="TestMethod1" computerName="JMWARD-PC" duration="00:00:00.0338376" startTime="2015-06-08T23:35:44.4200381-05:00" endTime="2015-06-08T23:35:44.6740517-05:00" testType="13cdc9d9-ddb5-4fa4-a97d-d965ccfc6d4b" outcome="Failed" testListId="8c84fa94-04c1-424b-9868-57a2d4851a1d" relativeResultsDirectory="b4d8aa71-710d-42ea-989d-b91147a5b01d">
      <Output>
        <StdOut>c:\users\estevens\documents\visual studio 2010\Projects\SeleniumDemo\SeleniumDemo\bin\Debug\chromedriver.exe</StdOut>
        <ErrorInfo>
          <Message>Initialization method SeleniumDemo.UnitTest1.MyTestInitialize threw exception. OpenQA.Selenium.DriverServiceNotFoundException: OpenQA.Selenium.DriverServiceNotFoundException: The file c:\users\estevens\documents\visual studio 2010\Projects\SeleniumDemo\SeleniumDemo\bin\Debug\chromedriver.exe\chromedriver.exe does not exist. The driver can be downloaded at http://chromedriver.storage.googleapis.com/index.html.</Message>
          <StackTrace>    at OpenQA.Selenium.DriverService..ctor(String servicePath, Int32 port, String driverServiceExecutableName, Uri driverServiceDownloadUrl) in c:\Projects\webdriver\dotnet\src\webdriver\DriverService.cs:line 65
   at OpenQA.Selenium.Chrome.ChromeDriver..ctor(String chromeDriverDirectory, ChromeOptions options) in c:\Projects\webdriver\dotnet\src\webdriver\Chrome\ChromeDriver.cs:line 110
   at OpenQA.Selenium.Chrome.ChromeDriver..ctor(String chromeDriverDirectory) in c:\Projects\webdriver\dotnet\src\webdriver\Chrome\ChromeDriver.cs:line 99
   at SeleniumDemo.UnitTest1.initializeChrome() in c:\users\estevens\documents\visual studio 2010\Projects\SeleniumDemo\SeleniumDemo\UnitTest1.cs:line 78
   at SeleniumDemo.UnitTest1.initializeBrowser(String browserName) in c:\users\estevens\documents\visual studio 2010\Projects\SeleniumDemo\SeleniumDemo\UnitTest1.cs:line 67
   at SeleniumDemo.UnitTest1.MyTestInitialize() in c:\users\estevens\documents\visual studio 2010\Projects\SeleniumDemo\SeleniumDemo\UnitTest1.cs:line 48
</StackTrace>
        </ErrorInfo>
      </Output>
    </UnitTestResult>
  </Results>
</TestRun>